This is XeTeX, Version 3.141592653-2.6-0.999995 (TeX Live 2023) (preloaded format=xelatex 2023.6.21)  25 DEC 2023 04:52
entering extended mode
 restricted \write18 enabled.
 %&-line parsing enabled.
**index_html
(./index_html.tex
LaTeX2e <2023-06-01> patch level 1
L3 programming layer <2023-06-16>
(./index.tex (/usr/local/texlive/2023/texmf-dist/tex/latex/memoir/memoir.cls
Document Class: memoir 2022/11/17 v3.7.19 configurable book, report, article do
cument class
(/usr/local/texlive/2023/texmf-dist/tex/latex/etoolbox/etoolbox.sty
Package: etoolbox 2020/10/05 v2.5k e-TeX tools for LaTeX (JAW)
\etb@tempcnta=\count181
)
\onelineskip=\skip48
\lxvchars=\skip49
\xlvchars=\skip50
\@memcnta=\count182
\c@@memmarkcntra=\count183

(/usr/local/texlive/2023/texmf-dist/tex/generic/iftex/iftex.sty
Package: iftex 2022/02/03 v1.0f TeX engine tests
)
\stockheight=\dimen140
\stockwidth=\dimen141
\trimtop=\skip51
\trimedge=\skip52
LaTeX Font Info:    Trying to load font information for T1+lmr on input line 70
7.

(/usr/local/texlive/2023/texmf-dist/tex/latex/lm/t1lmr.fd
File: t1lmr.fd 2015/05/01 v1.6.1 Font defs for Latin Modern
)
(/usr/local/texlive/2023/texmf-dist/tex/latex/memoir/mem11.clo
File: mem11.clo 2022/07/29 v0.5 memoir class 11pt size option
)
(/usr/local/texlive/2023/texmf-dist/tex/latex/lm/lmodern.sty
Package: lmodern 2015/05/01 v1.6.1 Latin Modern Fonts
LaTeX Font Info:    Overwriting symbol font `operators' in version `normal'
(Font)                  OT1/cmr/m/n --> OT1/lmr/m/n on input line 22.
LaTeX Font Info:    Overwriting symbol font `letters' in version `normal'
(Font)                  OML/cmm/m/it --> OML/lmm/m/it on input line 23.
LaTeX Font Info:    Overwriting symbol font `symbols' in version `normal'
(Font)                  OMS/cmsy/m/n --> OMS/lmsy/m/n on input line 24.
LaTeX Font Info:    Overwriting symbol font `largesymbols' in version `normal'
(Font)                  OMX/cmex/m/n --> OMX/lmex/m/n on input line 25.
LaTeX Font Info:    Overwriting symbol font `operators' in version `bold'
(Font)                  OT1/cmr/bx/n --> OT1/lmr/bx/n on input line 26.
LaTeX Font Info:    Overwriting symbol font `letters' in version `bold'
(Font)                  OML/cmm/b/it --> OML/lmm/b/it on input line 27.
LaTeX Font Info:    Overwriting symbol font `symbols' in version `bold'
(Font)                  OMS/cmsy/b/n --> OMS/lmsy/b/n on input line 28.
LaTeX Font Info:    Overwriting symbol font `largesymbols' in version `bold'
(Font)                  OMX/cmex/m/n --> OMX/lmex/m/n on input line 29.
LaTeX Font Info:    Overwriting math alphabet `\mathbf' in version `normal'
(Font)                  OT1/cmr/bx/n --> OT1/lmr/bx/n on input line 31.
LaTeX Font Info:    Overwriting math alphabet `\mathsf' in version `normal'
(Font)                  OT1/cmss/m/n --> OT1/lmss/m/n on input line 32.
LaTeX Font Info:    Overwriting math alphabet `\mathit' in version `normal'
(Font)                  OT1/cmr/m/it --> OT1/lmr/m/it on input line 33.
LaTeX Font Info:    Overwriting math alphabet `\mathtt' in version `normal'
(Font)                  OT1/cmtt/m/n --> OT1/lmtt/m/n on input line 34.
LaTeX Font Info:    Overwriting math alphabet `\mathbf' in version `bold'
(Font)                  OT1/cmr/bx/n --> OT1/lmr/bx/n on input line 35.
LaTeX Font Info:    Overwriting math alphabet `\mathsf' in version `bold'
(Font)                  OT1/cmss/bx/n --> OT1/lmss/bx/n on input line 36.
LaTeX Font Info:    Overwriting math alphabet `\mathit' in version `bold'
(Font)                  OT1/cmr/bx/it --> OT1/lmr/bx/it on input line 37.
LaTeX Font Info:    Overwriting math alphabet `\mathtt' in version `bold'
(Font)                  OT1/cmtt/m/n --> OT1/lmtt/m/n on input line 38.
)
(/usr/local/texlive/2023/texmf-dist/tex/latex/base/fontenc.sty
Package: fontenc 2021/04/29 v2.0v Standard LaTeX package
)
\binding=\skip53
\spinemargin=\skip54
\foremargin=\skip55
\uppermargin=\skip56
\lowermargin=\skip57
\headdrop=\skip58
\normalrulethickness=\skip59
\mem@maxheadheight=\skip60
\mem@maxfootheight=\skip61
\headwidth=\skip62
\c@storedpagenumber=\count184
\memPD=\dimen142
\m@mabparskip=\skip63
\thanksmarkwidth=\skip64
\thanksmarksep=\skip65
\droptitle=\skip66
\c@book=\count185
\c@part=\count186
\c@chapter=\count187
\c@section=\count188
\c@subsection=\count189
\c@subsubsection=\count190
\c@paragraph=\count191
\c@subparagraph=\count192
\beforechapskip=\skip67
\midchapskip=\skip68
\afterchapskip=\skip69
\chapindent=\skip70
\bottomsectionskip=\skip71
\secindent=\skip72
\beforesecskip=\skip73
\aftersecskip=\skip74
\subsecindent=\skip75
\beforesubsecskip=\skip76
\aftersubsecskip=\skip77
\subsubsecindent=\skip78
\beforesubsubsecskip=\skip79
\aftersubsubsecskip=\skip80
\paraindent=\skip81
\beforeparaskip=\skip82
\afterparaskip=\skip83
\subparaindent=\skip84
\beforesubparaskip=\skip85
\aftersubparaskip=\skip86
\pfbreakskip=\skip87
\c@@ppsavesec=\count193
\c@@ppsaveapp=\count194
\ragrparindent=\dimen143
\everylistparindent=\dimen144
\parsepi=\skip88
\topsepi=\skip89
\itemsepi=\skip90
\parsepii=\skip91
\topsepii=\skip92
\topsepiii=\skip93
\itemsepii=\skip94
\itemsepiii=\skip95
\partopsepii=\skip96
\partopsepiii=\skip97
\m@msavetopsep=\skip98
\m@msavepartopsep=\skip99
\@enLab=\toks17
\abstitleskip=\skip100
\absleftindent=\skip101
\abs@leftindent=\dimen145
\absrightindent=\skip102
\absparindent=\skip103
\absparsep=\skip104
\c@vslineno=\count195
\c@poemline=\count196
\c@modulo@vs=\count197
\c@memfvsline=\count198
\vleftskip=\skip105
\vrightskip=\skip106
\stanzaskip=\skip107
\versewidth=\skip108
\vgap=\skip109
\vindent=\skip110
\vleftmargin=\dimen146
\c@verse=\count199
\c@chrsinstr=\count266
\beforepoemtitleskip=\skip111
\afterpoemtitleskip=\skip112
\c@poem=\count267
\beforePoemTitleskip=\skip113
\midPoemTitleskip=\skip114
\afterPoemTitleskip=\skip115

(/usr/local/texlive/2023/texmf-dist/tex/latex/tools/array.sty
Package: array 2022/09/04 v2.5g Tabular extension package (FMi)
\col@sep=\dimen147
\ar@mcellbox=\box51
\extrarowheight=\dimen148
\NC@list=\toks18
\extratabsurround=\skip116
\backup@length=\skip117
\ar@cellbox=\box52
)
(/usr/local/texlive/2023/texmf-dist/tex/latex/tools/dcolumn.sty
Package: dcolumn 2014/10/28 v1.06 decimal alignment package (DPC)
)
(/usr/local/texlive/2023/texmf-dist/tex/latex/tools/delarray.sty
Package: delarray 2014/10/28 v1.01 array delimiter package (DPC)
)
(/usr/local/texlive/2023/texmf-dist/tex/latex/tools/tabularx.sty
Package: tabularx 2020/01/15 v2.11c `tabularx' package (DPC)
\TX@col@width=\dimen149
\TX@old@table=\dimen150
\TX@old@col=\dimen151
\TX@target=\dimen152
\TX@delta=\dimen153
\TX@cols=\count268
\TX@ftn=\toks19
)
\heavyrulewidth=\dimen154
\lightrulewidth=\dimen155
\cmidrulewidth=\dimen156
\belowrulesep=\dimen157
\belowbottomsep=\dimen158
\aboverulesep=\dimen159
\abovetopsep=\dimen160
\cmidrulesep=\dimen161
\cmidrulekern=\dimen162
\defaultaddspace=\dimen163
\@cmidla=\count269
\@cmidlb=\count270
\@aboverulesep=\dimen164
\@belowrulesep=\dimen165
\@thisruleclass=\count271
\@lastruleclass=\count272
\@thisrulewidth=\dimen166
\ctableftskip=\skip118
\ctabrightskip=\skip119
\abovecolumnspenalty=\count273
\@linestogo=\count274
\@cellstogo=\count275
\@cellsincolumn=\count276
\crtok=\toks20
\@mincolumnwidth=\dimen167
\c@newflo@tctr=\count277
\mem@margin@floatbox=\box53
\@contcwidth=\skip120
\@contindw=\skip121
\abovecaptionskip=\skip122
\belowcaptionskip=\skip123
\subfloattopskip=\skip124
\subfloatcapskip=\skip125
\subfloatcaptopadj=\skip126
\subfloatbottomskip=\skip127
\subfloatlabelskip=\skip128
\subfloatcapmargin=\dimen168
\c@@contsubnum=\count278
\m@mscap@capbox=\box54
\m@mscap@fbox=\box55
\sidecapsep=\dimen169
\sidecapwidth=\dimen170
\m@m@tempdima=\dimen171
\m@mscapraise=\dimen172
\sidecapraise=\dimen173
\m@mscapmainwidth=\dimen174
\m@mscaplkern=\dimen175
\beforeepigraphskip=\skip129
\afterepigraphskip=\skip130
\epigraphwidth=\skip131
\epigraphrule=\skip132
LaTeX Info: Redefining \em on input line 7655.
LaTeX Info: Redefining \emph on input line 7663.
\tocentryskip=\skip133
\tocbaseline=\skip134
\cftparskip=\skip135
\cftbeforebookskip=\skip136
\cftbookindent=\dimen176
\cftbooknumwidth=\dimen177
\cftbeforepartskip=\skip137
\cftpartindent=\skip138
\cftpartnumwidth=\skip139
\cftbeforechapterskip=\skip140
\cftchapterindent=\skip141
\cftchapternumwidth=\skip142
\cftbeforesectionskip=\skip143
\cftsectionindent=\skip144
\cftsectionnumwidth=\skip145
\cftbeforesubsectionskip=\skip146
\cftsubsectionindent=\skip147
\cftsubsectionnumwidth=\skip148
\cftbeforesubsubsectionskip=\skip149
\cftsubsubsectionindent=\skip150
\cftsubsubsectionnumwidth=\skip151
\cftbeforeparagraphskip=\skip152
\cftparagraphindent=\skip153
\cftparagraphnumwidth=\skip154
\cftbeforesubparagraphskip=\skip155
\cftsubparagraphindent=\skip156
\cftsubparagraphnumwidth=\skip157
\prechapterprecisshift=\dimen178
\c@maxsecnumdepth=\count279
\bibindent=\dimen179
\bibitemsep=\skip158
\indexcolsep=\skip159
\indexrule=\skip160
\indexmarkstyle=\toks21
\@indexbox=\insert252
\glossarycolsep=\dimen180
\glossaryrule=\dimen181
\sideparvshift=\skip161
\sideins=\insert251
\sidebartopsep=\skip162
\sidebarhsep=\skip163
\sidebarvsep=\skip164
\sidebarwidth=\skip165
\footmarkwidth=\skip166
\footmarksep=\skip167
\footparindent=\skip168
\footinsdim=\skip169
\footinsv@r=\insert250
\@mpfootinsv@r=\insert249
\m@m@k=\count280
\m@m@h=\dimen182
\m@mipn@skip=\skip170
\sidefootins=\insert248
\sidefootadjust=\skip171
\sidefootheight=\skip172
\sidefoothsep=\skip173
\sidefootvsep=\skip174
\sidefootwidth=\skip175
\m@mdownsf=\skip176
\c@sidefootnote=\count281
\sidefootmarkwidth=\skip177
\sidefootmarksep=\skip178
\sidefootparindent=\skip179
\c@pagenote=\count282
\c@pagenoteshadow=\count283
\mem@pn@lastkern=\skip180
\every@verbatim=\toks22
\afterevery@verbatim=\toks23
\verbatim@line=\toks24
\tab@position=\count284
\verbatim@in@stream=\read2
\verbatimindent=\skip181
\verbatim@out=\write3
\bvboxsep=\skip182
\c@memfbvline=\count285
\c@bvlinectr=\count286
\bvnumlength=\skip183
\fb@frw=\dimen183
\fb@frh=\dimen184
\FrameRule=\dimen185
\FrameSep=\dimen186
\c@cp@cntr=\count287
\c@ism@mctr=\count288
\c@xsm@mctr=\count289
\c@csm@mctr=\count290
\c@ksm@mctr=\count291
\c@xksm@mctr=\count292
\c@cksm@mctr=\count293
\c@msm@mctr=\count294
\c@xmsm@mctr=\count295
\c@cmsm@mctr=\count296
\c@bsm@mctr=\count297
\c@workm@mctr=\count298
\c@sheetsequence=\count299
\c@lastsheet=\count300
\c@lastpage=\count301

(/usr/local/texlive/2023/texmf-dist/tex/latex/textcase/textcase.sty
Package: textcase 2022/07/10 v1.03 Text only upper/lower case changing (DPC)
Package textcase Info: Defining Legacy names on input line 20.
)
\c@figure=\count302
\c@lofdepth=\count303
\cftbeforefigureskip=\skip184
\cftfigureindent=\skip185
\cftfigurenumwidth=\skip186
\c@table=\count304
\c@lotdepth=\count305
\cftbeforetableskip=\skip187
\cfttableindent=\skip188
\cfttablenumwidth=\skip189
Package abstract [2008/07/23] emulated by memoir.
Package appendix [2008/07/23] emulated by memoir.
Package booktabs [2016/05/16] emulated by memoir.
Package ccaption [2008/07/23] emulated by memoir.
Package changepage [2008/07/23] emulated by memoir.
Package chngcntr [2008/07/23] emulated by memoir.
Package chngpage [2008/07/23] emulated by memoir.
Package crop emulated by memoir.
Package enumerate [2008/07/23] emulated by memoir.
Package epigraph [2008/07/23] emulated by memoir.
Package ifmtarg [2008/07/23] emulated by memoir.
Package index [2008/07/23] emulated by memoir.
Package makeidx [2008/07/23] emulated by memoir.
Package moreverb [2008/07/23] emulated by memoir.
Package needspace [2008/07/23] emulated by memoir.
Package newfile [2008/07/23] emulated by memoir.
Package nextpage [2008/07/23] emulated by memoir.
Package pagenote [2008/07/23] emulated by memoir.
Package parskip [2008/07/23] emulated by memoir.
Package patchcmd [2008/07/23] emulated by memoir.
Package setspace [2008/07/23] emulated by memoir.
Package shortvrb [2008/07/23] emulated by memoir.
Package showidx [2008/07/23] emulated by memoir.
Package titleref [2008/07/23] emulated by memoir.
Package titling [2008/07/23] emulated by memoir.
Package tocbibind [2008/07/23] emulated by memoir.
Package tocloft [2008/07/23] emulated by memoir.
Package tocvsec2 [2008/07/23] emulated by memoir.
Package verbatim [2008/07/23] emulated by memoir.
Package verse [2008/07/23] emulated by memoir.
)
(/usr/local/texlive/2023/texmf-dist/tex/latex/lwarp/lwarp.sty
Package: lwarp 2023/02/28 v0.911 Allows LaTeX to directly produce HTML5 output.


(/usr/local/texlive/2023/texmf-dist/tex/generic/iftex/ifpdf.sty
Package: ifpdf 2019/10/25 v3.4 ifpdf legacy package. Use iftex instead.
)
(/usr/local/texlive/2023/texmf-dist/tex/generic/ifptex/ifptex.sty
Package: ifptex 2023/04/08 v2.2c pTeX checker
)
(/usr/local/texlive/2023/texmf-dist/tex/latex/xpatch/xpatch.sty
(/usr/local/texlive/2023/texmf-dist/tex/latex/l3kernel/expl3.sty
Package: expl3 2023-06-16 L3 programming layer (loader) 

(/usr/local/texlive/2023/texmf-dist/tex/latex/l3backend/l3backend-xetex.def
File: l3backend-xetex.def 2023-04-19 L3 backend support: XeTeX
\g__graphics_track_int=\count306
\l__pdf_internal_box=\box56
\g__pdf_backend_object_int=\count307
\g__pdf_backend_annotation_int=\count308
\g__pdf_backend_link_int=\count309
))
Package: xpatch 2020/03/25 v0.3a Extending etoolbox patching commands

(/usr/local/texlive/2023/texmf-dist/tex/latex/l3packages/xparse/xparse.sty
Package: xparse 2023-02-02 L3 Experimental document command parser
))
(/usr/local/texlive/2023/texmf-dist/tex/latex/ifplatform/ifplatform.sty
Package: ifplatform 2017/10/13 v0.4a Testing for the operating system

(/usr/local/texlive/2023/texmf-dist/tex/latex/tools/shellesc.sty
Package: shellesc 2023/04/15 v1.0d unified shell escape interface for LaTeX
Package shellesc Info: Restricted shell escape enabled on input line 77.
)
(/usr/local/texlive/2023/texmf-dist/tex/generic/pdftexcmds/pdftexcmds.sty
Package: pdftexcmds 2020-06-27 v0.33 Utility functions of pdfTeX for LuaTeX (HO
)

(/usr/local/texlive/2023/texmf-dist/tex/generic/infwarerr/infwarerr.sty
Package: infwarerr 2019/12/03 v1.5 Providing info/warning/error messages (HO)
)
(/usr/local/texlive/2023/texmf-dist/tex/generic/ltxcmds/ltxcmds.sty
Package: ltxcmds 2020-05-10 v1.25 LaTeX kernel commands for general use (HO)
)
Package pdftexcmds Info: \pdf@primitive is available.
Package pdftexcmds Info: \pdf@ifprimitive is available.
Package pdftexcmds Info: \pdfdraftmode not found.
)
(/usr/local/texlive/2023/texmf-dist/tex/generic/catchfile/catchfile.sty
Package: catchfile 2019/12/09 v1.8 Catch the contents of a file (HO)

(/usr/local/texlive/2023/texmf-dist/tex/generic/etexcmds/etexcmds.sty
Package: etexcmds 2019/12/15 v1.7 Avoid name clashes with e-TeX commands (HO)
))
(/usr/local/texlive/2023/texmf-dist/tex/generic/iftex/ifluatex.sty
Package: ifluatex 2019/10/25 v1.5 ifluatex legacy package. Use iftex instead.
)

Package ifplatform Warning: 
    shell escape is disabled, so I can only detect \ifwindows.

) (/usr/local/texlive/2023/texmf-dist/tex/latex/letltxmacro/letltxmacro.sty
Package: letltxmacro 2019/12/03 v1.6 Let assignment for LaTeX macros (HO)
)
(/usr/local/texlive/2023/texmf-dist/tex/latex/newunicodechar/newunicodechar.sty
Package: newunicodechar 2018/04/08 v1.2 Defining Unicode characters
)
\LWR@templengthone=\skip190
\LWR@templengthtwo=\skip191
\LWR@templengththree=\skip192
\c@LWR@tempcountone=\count310
\c@LWR@texboxdepth=\count311
 (/usr/local/texlive/2023/texmf-dist/tex/latex/kvoptions/kvoptions.sty
Package: kvoptions 2022-06-15 v3.15 Key value format for package options (HO)

(/usr/local/texlive/2023/texmf-dist/tex/latex/graphics/keyval.sty
Package: keyval 2022/05/29 v1.15 key=value parser (DPC)
\KV@toks@=\toks25
)
(/usr/local/texlive/2023/texmf-dist/tex/latex/kvsetkeys/kvsetkeys.sty
Package: kvsetkeys 2022-10-05 v1.19 Key value parser (HO)
))
Package lwarp Info: Using option 'warpHTML' on input line 1186.

(/usr/local/texlive/2023/texmf-dist/tex/latex/comment/comment.sty
\CommentStream=\write4

Excluding comment 'comment') Lwarp: Including comment 'warpall'
Lwarp: Including comment 'warpHTML' Lwarp: Excluding comment 'warpprint'
Excluding 'warpprint' comment. Including 'warpHTML' comment.
\openout4 = `comment_html.cut'.


Straight input of comment_html.cut. (./comment_html.cut
Lwarp: Excluding comment 'warpMathJax') Excluding 'warpprint' comment.
Including 'warpHTML' comment.
\openout4 = `comment_html.cut'.

 Straight input of comment_html.cut.
(./comment_html.cut Lwarp: Including comment 'warpsvg')
Lwarp: Excluding comment 'LWRcreatelwarpmk' Including 'warpHTML' comment.
\openout4 = `comment_html.cut'.


Straight input of comment_html.cut. (./comment_html.cut
(/usr/local/texlive/2023/texmf-dist/tex/latex/fontspec/fontspec.sty
Package: fontspec 2022/01/15 v2.8a Font selection for XeLaTeX and LuaLaTeX

(/usr/local/texlive/2023/texmf-dist/tex/latex/fontspec/fontspec-xetex.sty
Package: fontspec-xetex 2022/01/15 v2.8a Font selection for XeLaTeX and LuaLaTe
X
\l__fontspec_script_int=\count312
\l__fontspec_language_int=\count313
\l__fontspec_strnum_int=\count314
\l__fontspec_tmp_int=\count315
\l__fontspec_tmpa_int=\count316
\l__fontspec_tmpb_int=\count317
\l__fontspec_tmpc_int=\count318
\l__fontspec_em_int=\count319
\l__fontspec_emdef_int=\count320
\l__fontspec_strong_int=\count321
\l__fontspec_strongdef_int=\count322
\l__fontspec_tmpa_dim=\dimen187
\l__fontspec_tmpb_dim=\dimen188
\l__fontspec_tmpc_dim=\dimen189

(/usr/local/texlive/2023/texmf-dist/tex/latex/base/fontenc.sty
Package: fontenc 2021/04/29 v2.0v Standard LaTeX package
)
(/usr/local/texlive/2023/texmf-dist/tex/latex/fontspec/fontspec.cfg))))
Including 'warpHTML' comment.
\openout4 = `comment_html.cut'.

 Straight input of comment_html.cut.
(./comment_html.cut
(/usr/local/texlive/2023/texmf-dist/tex/latex/geometry/geometry.sty
Package: geometry 2020/01/02 v5.9 Page Geometry

(/usr/local/texlive/2023/texmf-dist/tex/generic/iftex/ifvtex.sty
Package: ifvtex 2019/10/25 v1.7 ifvtex legacy package. Use iftex instead.
)
\Gm@cnth=\count323
\Gm@cntv=\count324
\c@Gm@tempcnt=\count325
\Gm@bindingoffset=\dimen190
\Gm@wd@mp=\dimen191
\Gm@odd@mp=\dimen192
\Gm@even@mp=\dimen193
\Gm@layoutwidth=\dimen194
\Gm@layoutheight=\dimen195
\Gm@layouthoffset=\dimen196
\Gm@layoutvoffset=\dimen197
\Gm@dimlist=\toks26
))
Including 'warpall' comment.
\openout4 = `comment_all.cut'.

 Straight input of comment_all.cut.
(./comment_all.cut (/usr/local/texlive/2023/texmf-dist/tex/latex/tools/calc.sty
Package: calc 2017/05/25 v4.3 Infix arithmetic (KKT,FJ)
\calc@Acount=\count326
\calc@Bcount=\count327
\calc@Adimen=\dimen198
\calc@Bdimen=\dimen199
\calc@Askip=\skip193
\calc@Bskip=\skip194
LaTeX Info: Redefining \setlength on input line 80.
LaTeX Info: Redefining \addtolength on input line 81.
\calc@Ccount=\count328
\calc@Cskip=\skip195
)) Including 'warpHTML' comment.
\openout4 = `comment_html.cut'.

 Straight input of comment_html.cut.
(./comment_html.cut
(/usr/local/texlive/2023/texmf-dist/tex/generic/gettitlestring/gettitlestring.s
ty
Package: gettitlestring 2019/12/15 v1.6 Cleanup title references (HO)
)) Including 'warpall' comment.
\openout4 = `comment_all.cut'.

 Straight input of comment_all.cut.
(./comment_all.cut) Including 'warpHTML' comment.
\openout4 = `comment_html.cut'.


Straight input of comment_html.cut. (./comment_html.cut
(/usr/local/texlive/2023/texmf-dist/tex/latex/xifthen/xifthen.sty
Package: xifthen 2015/11/05 v1.4.0 Extended ifthen features

(/usr/local/texlive/2023/texmf-dist/tex/latex/base/ifthen.sty
Package: ifthen 2022/04/13 v1.1d Standard LaTeX ifthen package (DPC)
))
(/usr/local/texlive/2023/texmf-dist/tex/latex/refcount/refcount.sty
Package: refcount 2019/12/15 v3.6 Data extraction from label references (HO)
)
(/usr/local/texlive/2023/texmf-dist/tex/latex/newfloat/newfloat.sty
Package: newfloat 2019/09/02 v1.1l Defining new floating environments (AR)
))
Including 'warpall' comment.
\openout4 = `comment_all.cut'.

 Straight input of comment_all.cut.
(./comment_all.cut
(/usr/local/texlive/2023/texmf-dist/tex/generic/xstring/xstring.sty
(/usr/local/texlive/2023/texmf-dist/tex/generic/xstring/xstring.tex
\integerpart=\count329
\decimalpart=\count330
)
Package: xstring 2023/01/14 v1.85 String manipulations (CT)
)
(/usr/local/texlive/2023/texmf-dist/tex/latex/environ/environ.sty
Package: environ 2014/05/04 v0.3 A new way to define environments

(/usr/local/texlive/2023/texmf-dist/tex/latex/trimspaces/trimspaces.sty
Package: trimspaces 2009/09/17 v1.1 Trim spaces around a token list
)
\@envbody=\toks27
))
Including 'warpHTML' comment.
\openout4 = `comment_html.cut'.

 Straight input of comment_html.cut.
(./comment_html.cut
(/usr/local/texlive/2023/texmf-dist/tex/latex/printlen/printlen.sty
Package: printlen 2009/09/03 v1.1a print lengths with units
))
Including 'warpall' comment.
\openout4 = `comment_all.cut'.

 Straight input of comment_all.cut.
(./comment_all.cut) Including 'warpHTML' comment.
\openout4 = `comment_html.cut'.


Straight input of comment_html.cut. (./comment_html.cut)
Including 'warpall' comment.
\openout4 = `comment_all.cut'.

 Straight input of comment_all.cut.
(./comment_all.cut
\LWR@quickfile=\write5
) Including 'warpHTML' comment.
\openout4 = `comment_html.cut'.


Straight input of comment_html.cut. (./comment_html.cut
\LWR@lateximagesfile=\write6
)
Including 'warpHTML' comment.
\openout4 = `comment_html.cut'.

 Straight input of comment_html.cut.
(./comment_html.cut) Including 'warpHTML' comment.
\openout4 = `comment_html.cut'.


Straight input of comment_html.cut. (./comment_html.cut
\LWR@copyoutfile=\write7
\LWR@copyinfile=\read3
)
Including 'warpall' comment.
\openout4 = `comment_all.cut'.

 Straight input of comment_all.cut.
(./comment_all.cut) Including 'warpall' comment.
\openout4 = `comment_all.cut'.


Straight input of comment_all.cut. (./comment_all.cut)
Including 'warpHTML' comment.
\openout4 = `comment_html.cut'.

 Straight input of comment_html.cut.
(./comment_html.cut) Including 'warpall' comment.
\openout4 = `comment_all.cut'.


Straight input of comment_all.cut. (./comment_all.cut)
Including 'warpHTML' comment.
\openout4 = `comment_html.cut'.

 Straight input of comment_html.cut.
(./comment_html.cut) Including 'warpHTML' comment.
\openout4 = `comment_html.cut'.


Straight input of comment_html.cut. (./comment_html.cut)
Including 'warpHTML' comment.
\openout4 = `comment_html.cut'.

 Straight input of comment_html.cut.
(./comment_html.cut) Lwarp: Excluding comment 'LWRwriteconf'
Excluding 'warpprint' comment. Excluding 'LWRwriteconf' comment.
Excluding 'LWRwriteconf' comment. Excluding 'LWRwriteconf' comment.
Excluding 'LWRwriteconf' comment. Excluding 'LWRwriteconf' comment.
Excluding 'LWRwriteconf' comment. Excluding 'LWRwriteconf' comment.
Excluding 'LWRwriteconf' comment. Excluding 'LWRwriteconf' comment.
Excluding 'LWRwriteconf' comment. Excluding 'LWRwriteconf' comment.
Excluding 'LWRwriteconf' comment. Excluding 'LWRcreatelwarpmk' comment.
Including 'warpHTML' comment.
\openout4 = `comment_html.cut'.

 Straight input of comment_html.cut.
(./comment_html.cut) Including 'warpHTML' comment.
\openout4 = `comment_html.cut'.


Straight input of comment_html.cut. (./comment_html.cut)
Including 'warpall' comment.
\openout4 = `comment_all.cut'.

 Straight input of comment_all.cut.
(./comment_all.cut) Including 'warpHTML' comment.
\openout4 = `comment_html.cut'.


Straight input of comment_html.cut. (./comment_html.cut)
Including 'warpall' comment.
\openout4 = `comment_all.cut'.

 Straight input of comment_all.cut.
(./comment_all.cut) Including 'warpHTML' comment.
\openout4 = `comment_html.cut'.


Straight input of comment_html.cut. (./comment_html.cut)
Including 'warpall' comment.
\openout4 = `comment_all.cut'.

 Straight input of comment_all.cut.
(./comment_all.cut) Including 'warpHTML' comment.
\openout4 = `comment_html.cut'.


Straight input of comment_html.cut. (./comment_html.cut
\c@LWR@HTMLpagenum=\count331
\c@LWR@htmlseqfilenumber=\count332
\c@LWR@htmlfilenumber=\count333
)
Including 'warpall' comment.
\openout4 = `comment_all.cut'.

 Straight input of comment_all.cut.
(./comment_all.cut) Including 'warpHTML' comment.
\openout4 = `comment_html.cut'.


Straight input of comment_html.cut. (./comment_html.cut)
Excluding 'warpprint' comment. Including 'warpHTML' comment.
\openout4 = `comment_html.cut'.


Straight input of comment_html.cut. (./comment_html.cut)
Including 'warpall' comment.
\openout4 = `comment_all.cut'.

 Straight input of comment_all.cut.
(./comment_all.cut) Excluding 'warpprint' comment.
Including 'warpHTML' comment.
\openout4 = `comment_html.cut'.

 Straight input of comment_html.cut.
(./comment_html.cut) Including 'warpHTML' comment.
\openout4 = `comment_html.cut'.


Straight input of comment_html.cut. (./comment_html.cut)
Excluding 'warpprint' comment. Including 'warpHTML' comment.
\openout4 = `comment_html.cut'.


Straight input of comment_html.cut. (./comment_html.cut)
Including 'warpHTML' comment.
\openout4 = `comment_html.cut'.

 Straight input of comment_html.cut.
(./comment_html.cut) Including 'warpHTML' comment.
\openout4 = `comment_html.cut'.


Straight input of comment_html.cut. (./comment_html.cut)
Including 'warpall' comment.
\openout4 = `comment_all.cut'.

 Straight input of comment_all.cut.
(./comment_all.cut) Including 'warpHTML' comment.
\openout4 = `comment_html.cut'.


Straight input of comment_html.cut. (./comment_html.cut)
Including 'warpall' comment.
\openout4 = `comment_all.cut'.

 Straight input of comment_all.cut.
(./comment_all.cut) Including 'warpHTML' comment.
\openout4 = `comment_html.cut'.


Straight input of comment_html.cut. (./comment_html.cut)
Including 'warpall' comment.
\openout4 = `comment_all.cut'.

 Straight input of comment_all.cut.
(./comment_all.cut) Including 'warpHTML' comment.
\openout4 = `comment_html.cut'.


Straight input of comment_html.cut. (./comment_html.cut)
Including 'warpall' comment.
\openout4 = `comment_all.cut'.

 Straight input of comment_all.cut.
(./comment_all.cut) Including 'warpHTML' comment.
\openout4 = `comment_html.cut'.


Straight input of comment_html.cut. (./comment_html.cut)
Including 'warpHTML' comment.
\openout4 = `comment_html.cut'.

 Straight input of comment_html.cut.
(./comment_html.cut) Including 'warpHTML' comment.
\openout4 = `comment_html.cut'.


Straight input of comment_html.cut. (./comment_html.cut
\c@LWR@spandepth=\count334
)
Including 'warpHTML' comment.
\openout4 = `comment_html.cut'.

 Straight input of comment_html.cut.
(./comment_html.cut) Including 'warpHTML' comment.
\openout4 = `comment_html.cut'.


Straight input of comment_html.cut. (./comment_html.cut)
Including 'warpall' comment.
\openout4 = `comment_all.cut'.

 Straight input of comment_all.cut.
(./comment_all.cut) Including 'warpHTML' comment.
\openout4 = `comment_html.cut'.


Straight input of comment_html.cut. (./comment_html.cut)
Excluding 'warpprint' comment. Including 'warpHTML' comment.
\openout4 = `comment_html.cut'.


Straight input of comment_html.cut. (./comment_html.cut)
Excluding 'warpprint' comment. Including 'warpHTML' comment.
\openout4 = `comment_html.cut'.


Straight input of comment_html.cut. (./comment_html.cut)
Including 'warpall' comment.
\openout4 = `comment_all.cut'.

 Straight input of comment_all.cut.
(./comment_all.cut) Including 'warpall' comment.
\openout4 = `comment_all.cut'.


Straight input of comment_all.cut. (./comment_all.cut
\c@FootnoteDepth=\count335
\c@footnoteReset=\count336
)
Including 'warpHTML' comment.
\openout4 = `comment_html.cut'.

 Straight input of comment_html.cut.
(./comment_html.cut
\LWR@footnotebox=\box57
\LWR@mpfootnotes=\box58
) Including 'warpHTML' comment.
\openout4 = `comment_html.cut'.


Straight input of comment_html.cut. (./comment_html.cut)
Excluding 'warpprint' comment.
\c@LWR@currentautosecpage=\count337
\c@LWR@currentautosecfloatpage=\count338
\c@LWR@previousautopagelabel=\count339
 Including 'warpall' comment.
\openout4 = `comment_all.cut'.


Straight input of comment_all.cut. (./comment_all.cut
\c@FileDepth=\count340
)
Including 'warpHTML' comment.
\openout4 = `comment_html.cut'.

 Straight input of comment_html.cut.
(./comment_html.cut) Excluding 'warpMathJax' comment.
Excluding 'warpMathJax' comment. Including 'warpHTML' comment.
\openout4 = `comment_html.cut'.


Straight input of comment_html.cut. (./comment_html.cut)
Excluding 'warpprint' comment. Including 'warpHTML' comment.
\openout4 = `comment_html.cut'.


Straight input of comment_html.cut. (./comment_html.cut)
Including 'warpHTML' comment.
\openout4 = `comment_html.cut'.

 Straight input of comment_html.cut.
(./comment_html.cut) Excluding 'warpprint' comment.
Including 'warpHTML' comment.
\openout4 = `comment_html.cut'.

 Straight input of comment_html.cut.
(./comment_html.cut
\c@LWR@prevFileDepth=\count341
) Including 'warpall' comment.
\openout4 = `comment_all.cut'.


Straight input of comment_all.cut. (./comment_all.cut)
Including 'warpHTML' comment.
\openout4 = `comment_html.cut'.

 Straight input of comment_html.cut.
(./comment_html.cut) Including 'warpHTML' comment.
\openout4 = `comment_html.cut'.


Straight input of comment_html.cut. (./comment_html.cut)
Including 'warpHTML' comment.
\openout4 = `comment_html.cut'.

 Straight input of comment_html.cut.
(./comment_html.cut) Including 'warpall' comment.
\openout4 = `comment_all.cut'.


Straight input of comment_all.cut. (./comment_all.cut)
Including 'warpall' comment.
\openout4 = `comment_all.cut'.

 Straight input of comment_all.cut.
(./comment_all.cut) Excluding 'warpprint' comment.
Including 'warpHTML' comment.
\openout4 = `comment_html.cut'.

 Straight input of comment_html.cut.
(./comment_html.cut) Excluding 'warpprint' comment.
Including 'warpHTML' comment.
\openout4 = `comment_html.cut'.

 Straight input of comment_html.cut.
(./comment_html.cut) Including 'warpHTML' comment.
\openout4 = `comment_html.cut'.


Straight input of comment_html.cut. (./comment_html.cut)
Excluding 'warpprint' comment. Including 'warpHTML' comment.
\openout4 = `comment_html.cut'.


Straight input of comment_html.cut. (./comment_html.cut)
Including 'warpall' comment.
\openout4 = `comment_all.cut'.

 Straight input of comment_all.cut.
(./comment_all.cut) Including 'warpHTML' comment.
\openout4 = `comment_html.cut'.


Straight input of comment_html.cut. (./comment_html.cut)
Including 'warpall' comment.
\openout4 = `comment_all.cut'.

 Straight input of comment_all.cut.
(./comment_all.cut) Including 'warpHTML' comment.
\openout4 = `comment_html.cut'.


Straight input of comment_html.cut. (./comment_html.cut)
Including 'warpHTML' comment.
\openout4 = `comment_html.cut'.

 Straight input of comment_html.cut.
(./comment_html.cut) Including 'warpHTML' comment.
\openout4 = `comment_html.cut'.


Straight input of comment_html.cut. (./comment_html.cut)
Including 'warpall' comment.
\openout4 = `comment_all.cut'.

 Straight input of comment_all.cut.
(./comment_all.cut
\HTMLvleftskip=\skip196
\HTMLleftmargini=\skip197
) Including 'warpall' comment.
\openout4 = `comment_all.cut'.


Straight input of comment_all.cut. (./comment_all.cut
\VerbatimHTMLWidth=\skip198
)
Including 'warpHTML' comment.
\openout4 = `comment_html.cut'.

 Straight input of comment_html.cut.
(./comment_html.cut) Including 'warpHTML' comment.
\openout4 = `comment_html.cut'.


Straight input of comment_html.cut. (./comment_html.cut)
Including 'warpHTML' comment.
\openout4 = `comment_html.cut'.

 Straight input of comment_html.cut.
(./comment_html.cut) Including 'warpHTML' comment.
\openout4 = `comment_html.cut'.


Straight input of comment_html.cut. (./comment_html.cut
\c@LWR@hlines=\count342
\c@LWR@hdashedlines=\count343
\c@LWR@tabulardepth=\count344
\c@LWR@tabularpardepth=\count345
\c@LWR@tablecolspecwidth=\count346
\c@LWR@tablecolspecindex=\count347
\c@LWR@tableLaTeXcolindex=\count348
\c@LWR@tabletotalLaTeXcols=\count349
\c@LWR@tabletotalLaTeXcolsnext=\count350
\c@LWR@cellcolordepth=\count351
\c@LWR@tablemulticolswidth=\count352
\c@LWR@tablemulticolspos=\count353
\c@LWR@mcolvertbarsl=\count354
\c@LWR@mcolvertbarsr=\count355
\c@LWR@mcolvertbarsldash=\count356
\c@LWR@mcolvertbarsrdash=\count357
\c@LWR@midrulecounter=\count358
)
Including 'warpHTML' comment.
\openout4 = `comment_html.cut'.

 Straight input of comment_html.cut.
(./comment_html.cut) Excluding 'warpprint' comment.
Including 'warpHTML' comment.
\openout4 = `comment_html.cut'.

 Straight input of comment_html.cut.
(./comment_html.cut
\rownum=\count359
\LWR@heavyrulewidth=\skip199
\LWR@lightrulewidth=\skip256
\LWR@cmidrulewidth=\skip257
\LWR@thiscmidrulewidth=\skip258
\c@LWR@lastmulticolumn=\count360
\c@LWR@tabhtmlcolindex=\count361
\c@LWR@tabhtmlcolend=\count362
\c@LWR@tabhtmlcoltotal=\count363
) Including 'warpHTML' comment.
\openout4 = `comment_html.cut'.


Straight input of comment_html.cut. (./comment_html.cut)
Including 'warpall' comment.
\openout4 = `comment_all.cut'.

 Straight input of comment_all.cut.
(./comment_all.cut) Including 'warpHTML' comment.
\openout4 = `comment_html.cut'.


Straight input of comment_html.cut. (./comment_html.cut)
Including 'warpall' comment.
\openout4 = `comment_all.cut'.

 Straight input of comment_all.cut.
(./comment_all.cut) Including 'warpHTML' comment.
\openout4 = `comment_html.cut'.


Straight input of comment_html.cut. (./comment_html.cut)
Excluding 'warpprint' comment. Including 'warpHTML' comment.
\openout4 = `comment_html.cut'.


Straight input of comment_html.cut. (./comment_html.cut)
Including 'warpall' comment.
\openout4 = `comment_all.cut'.

 Straight input of comment_all.cut.
(./comment_all.cut) Including 'warpall' comment.
\openout4 = `comment_all.cut'.


Straight input of comment_all.cut. (./comment_all.cut)
Including 'warpHTML' comment.
\openout4 = `comment_html.cut'.

 Straight input of comment_html.cut.
(./comment_html.cut) Including 'warpHTML' comment.
\openout4 = `comment_html.cut'.


Straight input of comment_html.cut. (./comment_html.cut)
Including 'warpHTML' comment.
\openout4 = `comment_html.cut'.

 Straight input of comment_html.cut.
(./comment_html.cut
\c@LWR@thisautoid=\count364
\c@LWR@thisautoidWP=\count365
\c@LWR@nextautoid=\count366
\c@LWR@nextautopage=\count367

(/usr/local/texlive/2023/texmf-dist/tex/latex/capt-of/capt-of.sty
Package: capt-of 2009/12/29 v0.2 standard captions outside of floats
))
Including 'warpHTML' comment.
\openout4 = `comment_html.cut'.

 Straight input of comment_html.cut.
(./comment_html.cut) Including 'warpall' comment.
\openout4 = `comment_all.cut'.


Straight input of comment_all.cut. (./comment_all.cut
\c@SideTOCDepth=\count368
)
Including 'warpHTML' comment.
\openout4 = `comment_html.cut'.

 Straight input of comment_html.cut.
(./comment_html.cut) Including 'warpHTML' comment.
\openout4 = `comment_html.cut'.


Straight input of comment_html.cut. (./comment_html.cut
\c@LWR@autoindex=\count369
\c@LWR@autoglossary=\count370
)
Excluding 'warpprint' comment. Including 'warpall' comment.
\openout4 = `comment_all.cut'.


Straight input of comment_all.cut. (./comment_all.cut)
Including 'warpHTML' comment.
\openout4 = `comment_html.cut'.

 Straight input of comment_html.cut.
(./comment_html.cut) Including 'warpHTML' comment.
\openout4 = `comment_html.cut'.


Straight input of comment_html.cut. (./comment_html.cut)
Including 'warpHTML' comment.
\openout4 = `comment_html.cut'.

 Straight input of comment_html.cut.
(./comment_html.cut) Including 'warpall' comment.
\openout4 = `comment_all.cut'.


Straight input of comment_all.cut. (./comment_all.cut)
Including 'warpHTML' comment.
\openout4 = `comment_html.cut'.

 Straight input of comment_html.cut.
(./comment_html.cut
\c@LWR@externalfilecnt=\count371
\LWR@singledollarwidth=\skip259
\LWR@singledollarheight=\skip260
\LWR@singledollardepth=\skip261
\LWR@singledollarbox=\box59
\c@LWR@nextequation=\count372
) Excluding 'warpprint' comment.
Including 'warpHTML' comment.
\openout4 = `comment_html.cut'.

 Straight input of comment_html.cut.
(./comment_html.cut) Including 'warpHTML' comment.
\openout4 = `comment_html.cut'.


Straight input of comment_html.cut. (./comment_html.cut
\c@LWR@lateximagenumber=\count373
\c@LWR@lateximagedepth=\count374
\c@LWR@LIpage=\count375
)
Including 'warpall' comment.
\openout4 = `comment_all.cut'.

 Straight input of comment_all.cut.
(./comment_all.cut) Including 'warpHTML' comment.
\openout4 = `comment_html.cut'.


Straight input of comment_html.cut. (./comment_html.cut
\c@LWR@startingequation=\count376
)
Excluding 'warpprint' comment. Including 'warpHTML' comment.
\openout4 = `comment_html.cut'.


Straight input of comment_html.cut. (./comment_html.cut)
Including 'warpHTML' comment.
\openout4 = `comment_html.cut'.

 Straight input of comment_html.cut.
(./comment_html.cut) Including 'warpHTML' comment.
\openout4 = `comment_html.cut'.


Straight input of comment_html.cut. (./comment_html.cut)
Excluding 'warpprint' comment. Excluding 'warpprint' comment.
Including 'warpall' comment.
\openout4 = `comment_all.cut'.

 Straight input of comment_all.cut.
(./comment_all.cut) Excluding 'warpprint' comment.
Including 'warpHTML' comment.
\openout4 = `comment_html.cut'.

 Straight input of comment_html.cut.
(./comment_html.cut) Including 'warpHTML' comment.
\openout4 = `comment_html.cut'.


Straight input of comment_html.cut. (./comment_html.cut)
Including 'warpHTML' comment.
\openout4 = `comment_html.cut'.

 Straight input of comment_html.cut.
(./comment_html.cut) Including 'warpHTML' comment.
\openout4 = `comment_html.cut'.


Straight input of comment_html.cut. (./comment_html.cut
\LWR@minipagewidth=\skip262
\LWR@minipageheight=\skip263
\c@LWR@virtualpagedepth=\count377
)
Excluding 'warpprint' comment. Including 'warpHTML' comment.
\openout4 = `comment_html.cut'.


Straight input of comment_html.cut. (./comment_html.cut
\c@LWR@minipage@depth=\count378
\c@LWR@mpfootnote@store=\count379
\LWR@atleastonept=\skip264
)
Including 'warpall' comment.
\openout4 = `comment_all.cut'.

 Straight input of comment_all.cut.
(./comment_all.cut) Including 'warpHTML' comment.
\openout4 = `comment_html.cut'.


Straight input of comment_html.cut. (./comment_html.cut)
Including 'warpall' comment.
\openout4 = `comment_all.cut'.

 Straight input of comment_all.cut.
(./comment_all.cut
\LWR@fminipagebox=\box60
) Including 'warpHTML' comment.
\openout4 = `comment_html.cut'.


Straight input of comment_html.cut. (./comment_html.cut)
Including 'warpall' comment.
\openout4 = `comment_all.cut'.

 Straight input of comment_all.cut.
(./comment_all.cut) Including 'warpHTML' comment.
\openout4 = `comment_html.cut'.


Straight input of comment_html.cut. (./comment_html.cut
\c@LWR@textcurrentfontdepth=\count380
)
Excluding 'warpprint' comment. Including 'warpHTML' comment.
\openout4 = `comment_html.cut'.


Straight input of comment_html.cut. (./comment_html.cut
\LWR@tempwidth=\skip265
\LWR@tempheight=\skip266
\LWR@tempraise=\skip267
)
Including 'warpHTML' comment.
\openout4 = `comment_html.cut'.

 Straight input of comment_html.cut.
(./comment_html.cut) Including 'warpall' comment.
\openout4 = `comment_all.cut'.


Straight input of comment_all.cut. (./comment_all.cut)
Including 'warpHTML' comment.
\openout4 = `comment_html.cut'.

 Straight input of comment_html.cut.
(./comment_html.cut) Including 'warpHTML' comment.
\openout4 = `comment_html.cut'.


Straight input of comment_html.cut. (./comment_html.cut)
Including 'warpHTML' comment.
\openout4 = `comment_html.cut'.

 Straight input of comment_html.cut.
(./comment_html.cut
(/usr/local/texlive/2023/texmf-dist/tex/latex/lwarp/lwarp-array.sty
Package lwarp Info: Using package `array',
(lwarp)             and adding lwarp modifications, including options,
(lwarp)              on input line 23.
Package: lwarp-array 2018/12/30
))
Including 'warpHTML' comment.
\openout4 = `comment_html.cut'.

 Straight input of comment_html.cut.
(./comment_html.cut) Including 'warpHTML' comment.
\openout4 = `comment_html.cut'.


Straight input of comment_html.cut. (./comment_html.cut)
(/usr/local/texlive/2023/texmf-dist/tex/latex/lwarp/lwarp-textcomp.sty
Package lwarp Info: Using package `textcomp',
(lwarp)             and adding lwarp modifications, including options,
(lwarp)              on input line 21.
Package: lwarp-textcomp 2017/04/05

(/usr/local/texlive/2023/texmf-dist/tex/latex/base/textcomp.sty
Package: textcomp 2020/02/02 v2.0n Standard LaTeX package
))
Including 'warpHTML' comment.
\openout4 = `comment_html.cut'.

 Straight input of comment_html.cut.
(./comment_html.cut) Including 'warpHTML' comment.
\openout4 = `comment_html.cut'.


Straight input of comment_html.cut. (./comment_html.cut)
Excluding 'warpprint' comment. Including 'warpHTML' comment.
\openout4 = `comment_html.cut'.


Straight input of comment_html.cut. (./comment_html.cut)
(/usr/local/texlive/2023/texmf-dist/tex/latex/lwarp/lwarp-patch-memoir.sty
Package: lwarp-patch-memoir 

(/usr/local/texlive/2023/texmf-dist/tex/latex/lwarp/lwarp-abstract.sty
Package lwarp Info: Using package `abstract',
(lwarp)             and adding lwarp modifications, including options,
(lwarp)              on input line 19.
Package: lwarp-abstract 2009/06/08


LaTeX Warning: You have requested, on input line 19, version
               `2009/06/08' of package abstract,
               but only version
               `2008/07/23'
               is available.

) (/usr/local/texlive/2023/texmf-dist/tex/latex/lwarp/lwarp-booktabs.sty
Package lwarp Info: Using package `booktabs',
(lwarp)             and adding lwarp modifications, including options,
(lwarp)              on input line 27.
Package: lwarp-booktabs 2019/10/08


LaTeX Warning: You have requested, on input line 27, version
               `2019/10/08' of package booktabs,
               but only version
               `2016/05/16'
               is available.

Excluding 'warpMathJax' comment.)
(/usr/local/texlive/2023/texmf-dist/tex/latex/lwarp/lwarp-changepage.sty
Package lwarp Info: Replacing package `changepage' with the lwarp version,
(lwarp)             and discarding options, on input line 20.
Package: lwarp-changepage 2009/10/20
LaTeX Info: Redefining \checkoddpage on input line 23.
LaTeX Info: Redefining \changetext on input line 24.
LaTeX Info: Redefining \changepage on input line 25.
)
(/usr/local/texlive/2023/texmf-dist/tex/latex/lwarp/lwarp-crop.sty
Package lwarp Info: Replacing package `crop' with the lwarp version,
(lwarp)             and discarding options, on input line 18.
Package: lwarp-crop 2003/05/20
)
(/usr/local/texlive/2023/texmf-dist/tex/latex/lwarp/lwarp-enumerate.sty
Package lwarp Info: Using package `enumerate',
(lwarp)             and adding lwarp modifications, including options,
(lwarp)              on input line 19.
Package: lwarp-enumerate 2015/07/23


LaTeX Warning: You have requested, on input line 19, version
               `2015/07/23' of package enumerate,
               but only version
               `2008/07/23'
               is available.

) (/usr/local/texlive/2023/texmf-dist/tex/latex/lwarp/lwarp-epigraph.sty
Package lwarp Info: Using package `epigraph',
(lwarp)             and adding lwarp modifications, including options,
(lwarp)              on input line 21.
Package: lwarp-epigraph 2020/01/02


LaTeX Warning: You have requested, on input line 21, version
               `2020/01/02' of package epigraph,
               but only version
               `2008/07/23'
               is available.

) (/usr/local/texlive/2023/texmf-dist/tex/latex/lwarp/lwarp-fancyvrb.sty
Package lwarp Info: Using package `fancyvrb',
(lwarp)             and adding lwarp modifications, including options,
(lwarp)              on input line 20.
Package: lwarp-fancyvrb 2008/02/07

(/usr/local/texlive/2023/texmf-dist/tex/latex/fancyvrb/fancyvrb.sty
Package: fancyvrb 2023/01/19 4.5a verbatim text (tvz,hv)
\FV@CodeLineNo=\count381
\FV@InFile=\read4
\FV@TabBox=\box61
\c@FancyVerbLine=\count382
\FV@StepNumber=\count383
\FV@OutFile=\write8
))
(/usr/local/texlive/2023/texmf-dist/tex/latex/lwarp/lwarp-footmisc.sty
Package lwarp Info: Replacing package `footmisc' with the lwarp version,
(lwarp)             and discarding options, on input line 18.
Package: lwarp-footmisc 2011/06/06
\footnotemargin=\dimen256
)
(/usr/local/texlive/2023/texmf-dist/tex/latex/lwarp/lwarp-framed.sty
Package lwarp Info: Using package `framed',
(lwarp)             and adding lwarp modifications, including options,
(lwarp)              on input line 19.
Package: lwarp-framed 2011/10/22

(/usr/local/texlive/2023/texmf-dist/tex/latex/framed/framed.sty
Package: framed 2011/10/22 v 0.96: framed or shaded text with page breaks
\OuterFrameSep=\skip268
\fb@frw=\dimen257
\fb@frh=\dimen258
))
(/usr/local/texlive/2023/texmf-dist/tex/latex/lwarp/lwarp-hanging.sty
Package lwarp Info: Replacing package `hanging' with the lwarp version,
(lwarp)             and discarding options, on input line 18.
Package: lwarp-hanging 2009/09/02
)
(/usr/local/texlive/2023/texmf-dist/tex/latex/lwarp/lwarp-makeidx.sty
Package lwarp Info: Using package `makeidx',
(lwarp)             and adding lwarp modifications, including options,
(lwarp)              on input line 18.
Package: lwarp-makeidx 2014/09/29


LaTeX Warning: You have requested, on input line 18, version
               `2014/09/29' of package makeidx,
               but only version
               `2008/07/23'
               is available.

) (/usr/local/texlive/2023/texmf-dist/tex/latex/lwarp/lwarp-moreverb.sty
Package lwarp Info: Using package `moreverb',
(lwarp)             and adding lwarp modifications, including options,
(lwarp)              on input line 18.
Package: lwarp-moreverb 2008/06/03

(/usr/local/texlive/2023/texmf-dist/tex/latex/moreverb/moreverb.sty
Package: moreverb 2008/06/03 v2.3a `more' verbatim facilities
\tab@position=\count384
\tab@size=\count385
\listing@line=\count386
))
(/usr/local/texlive/2023/texmf-dist/tex/latex/lwarp/lwarp-mparhack.sty
Package lwarp Info: Replacing package `mparhack' with the lwarp version,
(lwarp)             and discarding options, on input line 18.
Package: lwarp-mparhack 2005/04/17
)
(/usr/local/texlive/2023/texmf-dist/tex/latex/lwarp/lwarp-needspace.sty
Package lwarp Info: Replacing package `needspace' with the lwarp version,
(lwarp)             and discarding options, on input line 20.
Package: lwarp-needspace 2010/09/12
)
(/usr/local/texlive/2023/texmf-dist/tex/latex/lwarp/lwarp-nextpage.sty
Package lwarp Info: Replacing package `nextpage' with the lwarp version,
(lwarp)             and discarding options, on input line 20.
Package: lwarp-nextpage 2009/09/03
)
(/usr/local/texlive/2023/texmf-dist/tex/latex/lwarp/lwarp-pagenote.sty
Package lwarp Info: Using package `pagenote',
(lwarp)             and adding lwarp modifications, including options,
(lwarp)              on input line 21.
Package: lwarp-pagenote 2009/09/03


LaTeX Warning: You have requested, on input line 21, version
               `2009/09/03' of package pagenote,
               but only version
               `2008/07/23'
               is available.

Excluding 'warpMathJax' comment.)
(/usr/local/texlive/2023/texmf-dist/tex/latex/lwarp/lwarp-parskip.sty
Package lwarp Info: Replacing package `parskip' with the lwarp version,
(lwarp)             and discarding options, on input line 20.
Package: lwarp-parskip 2001/04/09
)
(/usr/local/texlive/2023/texmf-dist/tex/latex/lwarp/lwarp-setspace.sty
Package lwarp Info: Replacing package `setspace' with the lwarp version,
(lwarp)             and discarding options, on input line 22.
Package: lwarp-setspace 2011/12/19
)
(/usr/local/texlive/2023/texmf-dist/tex/latex/lwarp/lwarp-showidx.sty)
\index_html@idxfile=\write9
\openout9 = `index_html.idx'.


Writing index file index_html.idx 
(/usr/local/texlive/2023/texmf-dist/tex/latex/lwarp/lwarp-titling.sty
Package lwarp Info: Using package `titling',
(lwarp)             and adding lwarp modifications, including options,
(lwarp)              on input line 22.
Package: lwarp-titling 2009/09/04


LaTeX Warning: You have requested, on input line 22, version
               `2009/09/04' of package titling,
               but only version
               `2008/07/23'
               is available.

) (/usr/local/texlive/2023/texmf-dist/tex/latex/lwarp/lwarp-tocloft.sty
Package lwarp Info: Replacing package `tocloft' with the lwarp version,
(lwarp)             and discarding options, on input line 22.
Package: lwarp-tocloft 2017/08/31
\cftbeforetoctitleskip=\skip269
\cftaftertoctitleskip=\skip270
\cftbeforeloftitleskip=\skip271
\cftafterloftitleskip=\skip272
\cftbeforelottitleskip=\skip273
\cftafterlottitleskip=\skip274
\cftbeforechapskip=\skip275
\cftchapindent=\skip276
\cftchapnumwidth=\skip277
\cftbeforesecskip=\skip278
\cftsecindent=\skip279
\cftsecnumwidth=\skip280
\cftbeforesubsecskip=\skip281
\cftsubsecindent=\skip282
\cftsubsecnumwidth=\skip283
\cftbeforesubsubsecskip=\skip284
\cftsubsubsecindent=\skip285
\cftsubsubsecnumwidth=\skip286
\cftbeforeparaskip=\skip287
\cftparaindent=\skip288
\cftparanumwidth=\skip289
\cftbeforesubparaskip=\skip290
\cftsubparaindent=\skip291
\cftsubparanumwidth=\skip292
\cftbeforefigskip=\skip293
\cftfigindent=\skip294
\cftfignumwidth=\skip295
\cftbeforesubfigskip=\skip296
\cftsubfigindent=\skip297
\cftsubfignumwidth=\skip298
\cftbeforetabskip=\skip299
\cfttabindent=\skip300
\cfttabnumwidth=\skip301
\cftbeforesubtabskip=\skip302
\cftsubtabindent=\skip303
\cftsubtabnumwidth=\skip304
)
(/usr/local/texlive/2023/texmf-dist/tex/latex/lwarp/lwarp-verse.sty
Package lwarp Info: Using package `verse',
(lwarp)             and adding lwarp modifications, including options,
(lwarp)              on input line 19.
Package: lwarp-verse 2009/09/04


LaTeX Warning: You have requested, on input line 19, version
               `2009/09/04' of package verse,
               but only version
               `2008/07/23'
               is available.

)
LaTeX Info: Redefining \cftpagenumbersoff on input line 650.
LaTeX Info: Redefining \cftpagenumberson on input line 651.
\midpoemtitleskip=\skip305
\c@LWR@currenttitle=\count387
\abovelegendskip=\skip306
\belowlegendskip=\skip307
\c@tableofcontents=\count388
\cftbeforetableofcontentsskip=\skip308
\cfttableofcontentsindent=\skip309
\cfttableofcontentsnumwidth=\skip310
\c@listoffigures=\count389
\cftbeforelistoffiguresskip=\skip311
\cftlistoffiguresindent=\skip312
\cftlistoffiguresnumwidth=\skip313
\c@listoftables=\count390
\cftbeforelistoftablesskip=\skip314
\cftlistoftablesindent=\skip315
\cftlistoftablesnumwidth=\skip316
) Including 'warpHTML' comment.
\openout4 = `comment_html.cut'.

 Straight input of comment_html.cut.
(./comment_html.cut) Including 'warpHTML' comment.
\openout4 = `comment_html.cut'.


Straight input of comment_html.cut. (./comment_html.cut)
Including 'warpHTML' comment.
\openout4 = `comment_html.cut'.

 Straight input of comment_html.cut.
(./comment_html.cut) Including 'warpHTML' comment.
\openout4 = `comment_html.cut'.


Straight input of comment_html.cut. (./comment_html.cut))
(/usr/local/texlive/2023/texmf-dist/tex/latex/lwarp/lwarp-tikz.sty
Package lwarp Info: Using package `tikz',
(lwarp)             and adding lwarp modifications, including options,
(lwarp)              on input line 20.
Package: lwarp-tikz 2015/08/07

(/usr/local/texlive/2023/texmf-dist/tex/latex/pgf/frontendlayer/tikz.sty
(/usr/local/texlive/2023/texmf-dist/tex/latex/pgf/basiclayer/pgf.sty
(/usr/local/texlive/2023/texmf-dist/tex/latex/pgf/utilities/pgfrcs.sty
(/usr/local/texlive/2023/texmf-dist/tex/generic/pgf/utilities/pgfutil-common.te
x
\pgfutil@everybye=\toks28
\pgfutil@tempdima=\dimen259
\pgfutil@tempdimb=\dimen260
)
(/usr/local/texlive/2023/texmf-dist/tex/generic/pgf/utilities/pgfutil-latex.def
\pgfutil@abb=\box62
) (/usr/local/texlive/2023/texmf-dist/tex/generic/pgf/utilities/pgfrcs.code.tex
(/usr/local/texlive/2023/texmf-dist/tex/generic/pgf/pgf.revision.tex)
Package: pgfrcs 2023-01-15 v3.1.10 (3.1.10)
))
Package: pgf 2023-01-15 v3.1.10 (3.1.10)

(/usr/local/texlive/2023/texmf-dist/tex/latex/pgf/basiclayer/pgfcore.sty
(/usr/local/texlive/2023/texmf-dist/tex/latex/lwarp/lwarp-graphicx.sty
Package lwarp Info: Using package `graphicx',
(lwarp)             and adding lwarp modifications, including options,
(lwarp)              on input line 20.
Package: lwarp-graphicx 2020/09/09

(/usr/local/texlive/2023/texmf-dist/tex/latex/graphics/graphicx.sty
Package: graphicx 2021/09/16 v1.2d Enhanced LaTeX Graphics (DPC,SPQR)

(/usr/local/texlive/2023/texmf-dist/tex/latex/lwarp/lwarp-graphics.sty
Package lwarp Info: Using package `graphics',
(lwarp)             and adding lwarp modifications, including options,
(lwarp)              on input line 20.
Package: lwarp-graphics 2020/08/30

(/usr/local/texlive/2023/texmf-dist/tex/latex/graphics/graphics.sty
Package: graphics 2022/03/10 v1.4e Standard LaTeX Graphics (DPC,SPQR)

(/usr/local/texlive/2023/texmf-dist/tex/latex/graphics/trig.sty
Package: trig 2021/08/11 v1.11 sin cos tan (DPC)
)
(/usr/local/texlive/2023/texmf-dist/tex/latex/graphics-cfg/graphics.cfg
File: graphics.cfg 2016/06/04 v1.11 sample graphics configuration
)
Package graphics Info: Driver file: xetex.def on input line 107.

(/usr/local/texlive/2023/texmf-dist/tex/latex/graphics-def/xetex.def
File: xetex.def 2022/09/22 v5.0n Graphics/color driver for xetex
))
\LWR@igwidth=\skip317
\LWR@igheight=\skip318
\LWR@imagesizebox=\box63
)
\Gin@req@height=\dimen261
\Gin@req@width=\dimen262
))
(/usr/local/texlive/2023/texmf-dist/tex/latex/pgf/systemlayer/pgfsys.sty
(/usr/local/texlive/2023/texmf-dist/tex/generic/pgf/systemlayer/pgfsys.code.tex
Package: pgfsys 2023-01-15 v3.1.10 (3.1.10)
(/usr/local/texlive/2023/texmf-dist/tex/generic/pgf/utilities/pgfkeys.code.tex
\pgfkeys@pathtoks=\toks29
\pgfkeys@temptoks=\toks30

(/usr/local/texlive/2023/texmf-dist/tex/generic/pgf/utilities/pgfkeyslibraryfil
tered.code.tex
\pgfkeys@tmptoks=\toks31
))
\pgf@x=\dimen263
\pgf@y=\dimen264
\pgf@xa=\dimen265
\pgf@ya=\dimen266
\pgf@xb=\dimen267
\pgf@yb=\dimen268
\pgf@xc=\dimen269
\pgf@yc=\dimen270
\pgf@xd=\dimen271
\pgf@yd=\dimen272
\w@pgf@writea=\write10
\r@pgf@reada=\read5
\c@pgf@counta=\count391
\c@pgf@countb=\count392
\c@pgf@countc=\count393
\c@pgf@countd=\count394
\t@pgf@toka=\toks32
\t@pgf@tokb=\toks33
\t@pgf@tokc=\toks34
\pgf@sys@id@count=\count395

(/usr/local/texlive/2023/texmf-dist/tex/generic/pgf/systemlayer/pgf.cfg
File: pgf.cfg 2023-01-15 v3.1.10 (3.1.10)
)
Driver file for pgf: pgfsys-xetex.def

(/usr/local/texlive/2023/texmf-dist/tex/generic/pgf/systemlayer/pgfsys-xetex.de
f
File: pgfsys-xetex.def 2023-01-15 v3.1.10 (3.1.10)

(/usr/local/texlive/2023/texmf-dist/tex/generic/pgf/systemlayer/pgfsys-dvipdfmx
.def
File: pgfsys-dvipdfmx.def 2023-01-15 v3.1.10 (3.1.10)

(/usr/local/texlive/2023/texmf-dist/tex/generic/pgf/systemlayer/pgfsys-common-p
df.def
File: pgfsys-common-pdf.def 2023-01-15 v3.1.10 (3.1.10)
)
\pgfsys@objnum=\count396
)))
(/usr/local/texlive/2023/texmf-dist/tex/generic/pgf/systemlayer/pgfsyssoftpath.
code.tex
File: pgfsyssoftpath.code.tex 2023-01-15 v3.1.10 (3.1.10)
\pgfsyssoftpath@smallbuffer@items=\count397
\pgfsyssoftpath@bigbuffer@items=\count398
)
(/usr/local/texlive/2023/texmf-dist/tex/generic/pgf/systemlayer/pgfsysprotocol.
code.tex
File: pgfsysprotocol.code.tex 2023-01-15 v3.1.10 (3.1.10)
)) (/usr/local/texlive/2023/texmf-dist/tex/latex/lwarp/lwarp-xcolor.sty
Package lwarp Info: Using package `xcolor',
(lwarp)             and adding lwarp modifications, including options,
(lwarp)              on input line 21.
Package: lwarp-xcolor 2016/05/11
(/usr/local/texlive/2023/texmf-dist/tex/latex/xcolor/xcolor.sty
Package: xcolor 2022/06/12 v2.14 LaTeX color extensions (UK)

(/usr/local/texlive/2023/texmf-dist/tex/latex/graphics-cfg/color.cfg
File: color.cfg 2016/01/02 v1.6 sample color configuration
)
Package xcolor Info: Driver file: xetex.def on input line 227.

(/usr/local/texlive/2023/texmf-dist/tex/latex/graphics/mathcolor.ltx)
Package xcolor Info: Model `cmy' substituted by `cmy0' on input line 1353.
Package xcolor Info: Model `RGB' extended on input line 1369.
Package xcolor Info: Model `HTML' substituted by `rgb' on input line 1371.
Package xcolor Info: Model `Hsb' substituted by `hsb' on input line 1372.
Package xcolor Info: Model `tHsb' substituted by `hsb' on input line 1373.
Package xcolor Info: Model `HSB' substituted by `hsb' on input line 1374.
Package xcolor Info: Model `Gray' substituted by `gray' on input line 1375.
Package xcolor Info: Model `wave' substituted by `hsb' on input line 1376.

(/usr/local/texlive/2023/texmf-dist/tex/latex/graphics/dvipsnam.def
File: dvipsnam.def 2016/06/17 v3.0m Driver-dependent file (DPC,SPQR)
)
(/usr/local/texlive/2023/texmf-dist/tex/latex/xcolor/svgnam.def
File: svgnam.def 2022/06/12 v2.14 Predefined colors according to SVG 1.1 (UK)
)))
(/usr/local/texlive/2023/texmf-dist/tex/generic/pgf/basiclayer/pgfcore.code.tex
Package: pgfcore 2023-01-15 v3.1.10 (3.1.10)
(/usr/local/texlive/2023/texmf-dist/tex/generic/pgf/math/pgfmath.code.tex
(/usr/local/texlive/2023/texmf-dist/tex/generic/pgf/math/pgfmathutil.code.tex)
(/usr/local/texlive/2023/texmf-dist/tex/generic/pgf/math/pgfmathparser.code.tex
\pgfmath@dimen=\dimen273
\pgfmath@count=\count399
\pgfmath@box=\box64
\pgfmath@toks=\toks35
\pgfmath@stack@operand=\toks36
\pgfmath@stack@operation=\toks37
)
(/usr/local/texlive/2023/texmf-dist/tex/generic/pgf/math/pgfmathfunctions.code.
tex)
(/usr/local/texlive/2023/texmf-dist/tex/generic/pgf/math/pgfmathfunctions.basic
.code.tex)
(/usr/local/texlive/2023/texmf-dist/tex/generic/pgf/math/pgfmathfunctions.trigo
nometric.code.tex)
(/usr/local/texlive/2023/texmf-dist/tex/generic/pgf/math/pgfmathfunctions.rando
m.code.tex)
(/usr/local/texlive/2023/texmf-dist/tex/generic/pgf/math/pgfmathfunctions.compa
rison.code.tex)
(/usr/local/texlive/2023/texmf-dist/tex/generic/pgf/math/pgfmathfunctions.base.
code.tex)
(/usr/local/texlive/2023/texmf-dist/tex/generic/pgf/math/pgfmathfunctions.round
.code.tex)
(/usr/local/texlive/2023/texmf-dist/tex/generic/pgf/math/pgfmathfunctions.misc.
code.tex)
(/usr/local/texlive/2023/texmf-dist/tex/generic/pgf/math/pgfmathfunctions.integ
erarithmetics.code.tex)
(/usr/local/texlive/2023/texmf-dist/tex/generic/pgf/math/pgfmathcalc.code.tex)
(/usr/local/texlive/2023/texmf-dist/tex/generic/pgf/math/pgfmathfloat.code.tex
\c@pgfmathroundto@lastzeros=\count400
)) (/usr/local/texlive/2023/texmf-dist/tex/generic/pgf/math/pgfint.code.tex)
(/usr/local/texlive/2023/texmf-dist/tex/generic/pgf/basiclayer/pgfcorepoints.co
de.tex
File: pgfcorepoints.code.tex 2023-01-15 v3.1.10 (3.1.10)
\pgf@picminx=\dimen274
\pgf@picmaxx=\dimen275
\pgf@picminy=\dimen276
\pgf@picmaxy=\dimen277
\pgf@pathminx=\dimen278
\pgf@pathmaxx=\dimen279
\pgf@pathminy=\dimen280
\pgf@pathmaxy=\dimen281
\pgf@xx=\dimen282
\pgf@xy=\dimen283
\pgf@yx=\dimen284
\pgf@yy=\dimen285
\pgf@zx=\dimen286
\pgf@zy=\dimen287
)
(/usr/local/texlive/2023/texmf-dist/tex/generic/pgf/basiclayer/pgfcorepathconst
ruct.code.tex
File: pgfcorepathconstruct.code.tex 2023-01-15 v3.1.10 (3.1.10)
\pgf@path@lastx=\dimen288
\pgf@path@lasty=\dimen289
)
(/usr/local/texlive/2023/texmf-dist/tex/generic/pgf/basiclayer/pgfcorepathusage
.code.tex
File: pgfcorepathusage.code.tex 2023-01-15 v3.1.10 (3.1.10)
\pgf@shorten@end@additional=\dimen290
\pgf@shorten@start@additional=\dimen291
)
(/usr/local/texlive/2023/texmf-dist/tex/generic/pgf/basiclayer/pgfcorescopes.co
de.tex
File: pgfcorescopes.code.tex 2023-01-15 v3.1.10 (3.1.10)
\pgfpic=\box65
\pgf@hbox=\box66
\pgf@layerbox@main=\box67
\pgf@picture@serial@count=\count401
)
(/usr/local/texlive/2023/texmf-dist/tex/generic/pgf/basiclayer/pgfcoregraphicst
ate.code.tex
File: pgfcoregraphicstate.code.tex 2023-01-15 v3.1.10 (3.1.10)
\pgflinewidth=\dimen292
)
(/usr/local/texlive/2023/texmf-dist/tex/generic/pgf/basiclayer/pgfcoretransform
ations.code.tex
File: pgfcoretransformations.code.tex 2023-01-15 v3.1.10 (3.1.10)
\pgf@pt@x=\dimen293
\pgf@pt@y=\dimen294
\pgf@pt@temp=\dimen295
)
(/usr/local/texlive/2023/texmf-dist/tex/generic/pgf/basiclayer/pgfcorequick.cod
e.tex
File: pgfcorequick.code.tex 2023-01-15 v3.1.10 (3.1.10)
)
(/usr/local/texlive/2023/texmf-dist/tex/generic/pgf/basiclayer/pgfcoreobjects.c
ode.tex
File: pgfcoreobjects.code.tex 2023-01-15 v3.1.10 (3.1.10)
)
(/usr/local/texlive/2023/texmf-dist/tex/generic/pgf/basiclayer/pgfcorepathproce
ssing.code.tex
File: pgfcorepathprocessing.code.tex 2023-01-15 v3.1.10 (3.1.10)
)
(/usr/local/texlive/2023/texmf-dist/tex/generic/pgf/basiclayer/pgfcorearrows.co
de.tex
File: pgfcorearrows.code.tex 2023-01-15 v3.1.10 (3.1.10)
\pgfarrowsep=\dimen296
)
(/usr/local/texlive/2023/texmf-dist/tex/generic/pgf/basiclayer/pgfcoreshade.cod
e.tex
File: pgfcoreshade.code.tex 2023-01-15 v3.1.10 (3.1.10)
\pgf@max=\dimen297
\pgf@sys@shading@range@num=\count402
\pgf@shadingcount=\count403
)
(/usr/local/texlive/2023/texmf-dist/tex/generic/pgf/basiclayer/pgfcoreimage.cod
e.tex
File: pgfcoreimage.code.tex 2023-01-15 v3.1.10 (3.1.10)
)
(/usr/local/texlive/2023/texmf-dist/tex/generic/pgf/basiclayer/pgfcoreexternal.
code.tex
File: pgfcoreexternal.code.tex 2023-01-15 v3.1.10 (3.1.10)
\pgfexternal@startupbox=\box68
)
(/usr/local/texlive/2023/texmf-dist/tex/generic/pgf/basiclayer/pgfcorelayers.co
de.tex
File: pgfcorelayers.code.tex 2023-01-15 v3.1.10 (3.1.10)
)
(/usr/local/texlive/2023/texmf-dist/tex/generic/pgf/basiclayer/pgfcoretranspare
ncy.code.tex
File: pgfcoretransparency.code.tex 2023-01-15 v3.1.10 (3.1.10)
)
(/usr/local/texlive/2023/texmf-dist/tex/generic/pgf/basiclayer/pgfcorepatterns.
code.tex
File: pgfcorepatterns.code.tex 2023-01-15 v3.1.10 (3.1.10)
)
(/usr/local/texlive/2023/texmf-dist/tex/generic/pgf/basiclayer/pgfcorerdf.code.
tex
File: pgfcorerdf.code.tex 2023-01-15 v3.1.10 (3.1.10)
)))
(/usr/local/texlive/2023/texmf-dist/tex/generic/pgf/modules/pgfmoduleshapes.cod
e.tex
File: pgfmoduleshapes.code.tex 2023-01-15 v3.1.10 (3.1.10)
\pgfnodeparttextbox=\box69
)
(/usr/local/texlive/2023/texmf-dist/tex/generic/pgf/modules/pgfmoduleplot.code.
tex
File: pgfmoduleplot.code.tex 2023-01-15 v3.1.10 (3.1.10)
)
(/usr/local/texlive/2023/texmf-dist/tex/latex/pgf/compatibility/pgfcomp-version
-0-65.sty
Package: pgfcomp-version-0-65 2023-01-15 v3.1.10 (3.1.10)
\pgf@nodesepstart=\dimen298
\pgf@nodesepend=\dimen299
)
(/usr/local/texlive/2023/texmf-dist/tex/latex/pgf/compatibility/pgfcomp-version
-1-18.sty
Package: pgfcomp-version-1-18 2023-01-15 v3.1.10 (3.1.10)
))
(/usr/local/texlive/2023/texmf-dist/tex/latex/pgf/utilities/pgffor.sty
(/usr/local/texlive/2023/texmf-dist/tex/latex/pgf/utilities/pgfkeys.sty
(/usr/local/texlive/2023/texmf-dist/tex/generic/pgf/utilities/pgfkeys.code.tex)
) (/usr/local/texlive/2023/texmf-dist/tex/latex/pgf/math/pgfmath.sty
(/usr/local/texlive/2023/texmf-dist/tex/generic/pgf/math/pgfmath.code.tex))
(/usr/local/texlive/2023/texmf-dist/tex/generic/pgf/utilities/pgffor.code.tex
Package: pgffor 2023-01-15 v3.1.10 (3.1.10)
\pgffor@iter=\dimen300
\pgffor@skip=\dimen301
\pgffor@stack=\toks38
\pgffor@toks=\toks39
))
(/usr/local/texlive/2023/texmf-dist/tex/generic/pgf/frontendlayer/tikz/tikz.cod
e.tex
Package: tikz 2023-01-15 v3.1.10 (3.1.10)

(/usr/local/texlive/2023/texmf-dist/tex/generic/pgf/libraries/pgflibraryplothan
dlers.code.tex
File: pgflibraryplothandlers.code.tex 2023-01-15 v3.1.10 (3.1.10)
\pgf@plot@mark@count=\count404
\pgfplotmarksize=\dimen302
)
\tikz@lastx=\dimen303
\tikz@lasty=\dimen304
\tikz@lastxsaved=\dimen305
\tikz@lastysaved=\dimen306
\tikz@lastmovetox=\dimen307
\tikz@lastmovetoy=\dimen308
\tikzleveldistance=\dimen309
\tikzsiblingdistance=\dimen310
\tikz@figbox=\box70
\tikz@figbox@bg=\box71
\tikz@tempbox=\box72
\tikz@tempbox@bg=\box73
\tikztreelevel=\count405
\tikznumberofchildren=\count406
\tikznumberofcurrentchild=\count407
\tikz@fig@count=\count408

(/usr/local/texlive/2023/texmf-dist/tex/generic/pgf/modules/pgfmodulematrix.cod
e.tex
File: pgfmodulematrix.code.tex 2023-01-15 v3.1.10 (3.1.10)
\pgfmatrixcurrentrow=\count409
\pgfmatrixcurrentcolumn=\count410
\pgf@matrix@numberofcolumns=\count411
)
\tikz@expandcount=\count412

(/usr/local/texlive/2023/texmf-dist/tex/generic/pgf/frontendlayer/tikz/librarie
s/tikzlibrarytopaths.code.tex
File: tikzlibrarytopaths.code.tex 2023-01-15 v3.1.10 (3.1.10)
)))
(/usr/local/texlive/2023/texmf-dist/tex/generic/pgf/frontendlayer/tikz/librarie
s/tikzlibrarybabel.code.tex
File: tikzlibrarybabel.code.tex 2023-01-15 v3.1.10 (3.1.10)
))
(/usr/local/texlive/2023/texmf-dist/tex/latex/fundus-calligra/calligra.sty
Package: calligra 2012/04/10 v1.9 LaTeX package calligra
)
(/usr/local/texlive/2023/texmf-dist/tex/latex/lwarp/lwarp-url.sty
Package lwarp Info: Using package `url',
(lwarp)             and adding lwarp modifications, including options,
(lwarp)              on input line 22.
Package: lwarp-url 2013/09/16

(/usr/local/texlive/2023/texmf-dist/tex/latex/url/url.sty
\Urlmuskip=\muskip16
Package: url 2013/09/16  ver 3.4  Verb mode for urls, etc.
))
(/usr/local/texlive/2023/texmf-dist/tex/latex/lwarp/lwarp-hyperref.sty
Package lwarp Info: Using the lwarp HTML version of package `hyperref',
(lwarp)             and discarding options except backref, pagebackref.
(lwarp)             (Not using \ProvidesPackage, so that other packages
(lwarp)             do not attempt to patch lwarp's version of `hyperref'.)
(lwarp)              on input line 25.
)
(/usr/local/texlive/2023/texmf-dist/tex/latex/tfrupee/tfrupee.sty
Package: tfrupee 2010/12/15 LaTeX Support for the TechFat Rupee symbols by Tech
Fat (http://techfat.blogspot.com/2010/07/new-open-source-india-rupee-font.html)
. Adapted for use with TeX by Palle Jorgensen, hamselv(a)pallej.dk
)
(/usr/local/texlive/2023/texmf-dist/tex/generic/pgf/frontendlayer/tikz/librarie
s/tikzlibrarydecorations.pathmorphing.code.tex
(/usr/local/texlive/2023/texmf-dist/tex/generic/pgf/frontendlayer/tikz/librarie
s/tikzlibrarydecorations.code.tex
(/usr/local/texlive/2023/texmf-dist/tex/generic/pgf/modules/pgfmoduledecoration
s.code.tex
\pgfdecoratedcompleteddistance=\dimen311
\pgfdecoratedremainingdistance=\dimen312
\pgfdecoratedinputsegmentcompleteddistance=\dimen313
\pgfdecoratedinputsegmentremainingdistance=\dimen314
\pgf@decorate@distancetomove=\dimen315
\pgf@decorate@repeatstate=\count413
\pgfdecorationsegmentamplitude=\dimen316
\pgfdecorationsegmentlength=\dimen317
)
\tikz@lib@dec@box=\box74
)
(/usr/local/texlive/2023/texmf-dist/tex/generic/pgf/libraries/decorations/pgfli
brarydecorations.pathmorphing.code.tex))
(/usr/local/texlive/2023/texmf-dist/tex/generic/pgf/frontendlayer/tikz/librarie
s/tikzlibrarydecorations.shapes.code.tex
(/usr/local/texlive/2023/texmf-dist/tex/generic/pgf/libraries/decorations/pgfli
brarydecorations.shapes.code.tex))
(/usr/local/texlive/2023/texmf-dist/tex/generic/pgf/frontendlayer/tikz/librarie
s/tikzlibrarybackgrounds.code.tex
File: tikzlibrarybackgrounds.code.tex 2023-01-15 v3.1.10 (3.1.10)
\pgf@layerbox@background=\box75
\pgf@layerboxsaved@background=\box76
)
\LWR@userspaperwidth=\skip319
\LWR@userspaperheight=\skip320
\LWR@usersmarginparwidth=\skip321
\LWR@userstextwidth=\skip322
\LWR@userstextheight=\skip323

(/usr/local/texlive/2023/texmf-dist/tex/latex/lwarp/lwarp-cleveref.sty
Package lwarp Info: Using package `cleveref',
(lwarp)             and adding lwarp modifications, including options,
(lwarp)              on input line 18.
Package: lwarp-cleveref 2018/03/27

(/usr/local/texlive/2023/texmf-dist/tex/latex/cleveref/cleveref.sty
Package: cleveref 2018/03/27 v0.21.4 Intelligent cross-referencing
LaTeX Info: Redefining \Cref on input line 925.
))

LaTeX Warning: Unused global option(s):
    [makeidx].

(./index_html.aux)
\openout1 = `index_html.aux'.

LaTeX Font Info:    Checking defaults for OML/cmm/m/it on input line 7.
LaTeX Font Info:    ... okay on input line 7.
LaTeX Font Info:    Checking defaults for OMS/cmsy/m/n on input line 7.
LaTeX Font Info:    ... okay on input line 7.
LaTeX Font Info:    Checking defaults for OT1/cmr/m/n on input line 7.
LaTeX Font Info:    ... okay on input line 7.
LaTeX Font Info:    Checking defaults for T1/cmr/m/n on input line 7.
LaTeX Font Info:    ... okay on input line 7.
LaTeX Font Info:    Checking defaults for TS1/cmr/m/n on input line 7.
LaTeX Font Info:    Trying to load font information for TS1+cmr on input line 7
.
 (/usr/local/texlive/2023/texmf-dist/tex/latex/base/ts1cmr.fd
File: ts1cmr.fd 2023/04/13 v2.5m Standard LaTeX font definitions
)
LaTeX Font Info:    ... okay on input line 7.
LaTeX Font Info:    Checking defaults for TU/lmr/m/n on input line 7.
LaTeX Font Info:    ... okay on input line 7.
LaTeX Font Info:    Checking defaults for OMX/cmex/m/n on input line 7.
LaTeX Font Info:    ... okay on input line 7.
LaTeX Font Info:    Checking defaults for U/cmr/m/n on input line 7.
LaTeX Font Info:    ... okay on input line 7.
 (/usr/local/texlive/2023/texmf-dist/tex/latex/lwarp/lwarp-geometry.sty
Package lwarp Info: Replacing package `geometry' with the lwarp version,
(lwarp)             and discarding options, on input line 20.
Package: lwarp-geometry 2018/04/16
)
\LWR@colorminipagebox=\box77

*geometry* driver: auto-detecting
*geometry* detected driver: xetex
*geometry* verbose mode - [ preamble ] result:
* driver: xetex
* paper: custom
* layout: <same size as paper>
* layoutoffset:(h,v)=(0.0pt,0.0pt)
* modes: heightrounded 
* h-part:(L,W,R)=(144.54pt, 867.24pt, 433.62pt)
* v-part:(T,H,B)=(72.26999pt, 13586.76001pt, 72.26999pt)
* \paperwidth=1445.4pt
* \paperheight=13731.29999pt
* \textwidth=1011.77557pt
* \textheight=10985.0819pt
* \oddsidemargin=72.27pt
* \evensidemargin=72.27pt
* \topmargin=-33.4738pt
* \headheight=13.6pt
* \headsep=19.8738pt
* \topskip=11.0pt
* \footskip=27.46295pt
* \marginparwidth=57.0pt
* \marginparsep=7.0pt
* \columnsep=10.0pt
* \skip\footins=12.0pt plus 4.0pt minus 4.0pt
* \hoffset=0.0pt
* \voffset=0.0pt
* \mag=1000
* \@twocolumnfalse
* \@twosidefalse
* \@mparswitchfalse
* \@reversemarginfalse
* (1in=72.27pt=25.4mm, 1cm=28.453pt)

Package lwarp Info: Removing background hook on input line 7.
\openout6 = `index-images.txt'.


Package fontspec Info: Could not resolve font "DejaVu Serif/I" (it probably
(fontspec)             doesn't exist).


Package fontspec Info: Font family 'DejaVuSerif(0)' created for font 'DejaVu
(fontspec)             Serif' with options [Ligatures={NoCommon,TeX}].
(fontspec)              
(fontspec)              This font family consists of the following NFSS
(fontspec)             series/shapes:
(fontspec)              
(fontspec)             - 'normal' (m/n) with NFSS spec.: <->"DejaVu
(fontspec)             Serif/OT:script=latn;language=dflt;-liga;mapping=tex-tex
t;"
(fontspec)             - 'small caps'  (m/sc) with NFSS spec.: 
(fontspec)             - 'bold' (b/n) with NFSS spec.: <->"DejaVu
(fontspec)             Serif/B/OT:script=latn;language=dflt;-liga;mapping=tex-t
ext;"
(fontspec)             - 'bold small caps'  (b/sc) with NFSS spec.: 
(fontspec)             - 'bold italic' (b/it) with NFSS spec.: <->"DejaVu
(fontspec)             Serif/BI/OT:script=latn;language=dflt;-liga;mapping=tex-
text;"
(fontspec)             - 'bold italic small caps'  (b/scit) with NFSS spec.: 

[1

]

Package lwarp Info: It is recommended to use ``[width=xx\linewidth]''
(lwarp)             instead of ``[scale=yy]'', on input line 11.

[2]

LaTeX Font Warning: Font shape `T1/calligra/b/n' undefined
(Font)              using `T1/calligra/m/n' instead on input line 32.

LaTeX Font Info:    Font shape `T1/calligra/m/n' will be
(Font)              scaled to size 12.96002pt on input line 32.
\openout7 = `index_html.sidetoc'.

[3] (./index_html.toc)
\tf@toc=\write11
\openout11 = `index_html.toc'.

 [4] [5] [6] [7] [8] [9] [10] [11] [12] [13] [14]
[15] [16]

Package lwarp Info: It is recommended to use ``[width=xx\linewidth]''
(lwarp)             instead of ``[scale=yy]'', on input line 125.


Package lwarp Info: It is recommended to use ``[width=xx\linewidth]''
(lwarp)             instead of ``[scale=yy]'', on input line 127.

[17] [18] [19] [20] [21] [22] [23] [24] [25] [26] [27] [28] [29] [30] [31]
[32] [33] [34] [35] [36] [37] [38] [39] [40] [41] [42] [43]

Package lwarp Info: It is recommended to use ``[width=xx\linewidth]''
(lwarp)             instead of ``[scale=yy]'', on input line 232.


LaTeX Font Warning: Font shape `TU/DejaVuSerif(0)/m/it' undefined
(Font)              using `TU/DejaVuSerif(0)/m/n' instead on input line 239.

[44] (./index_html.aux)
 ***********
LaTeX2e <2023-06-01> patch level 1
L3 programming layer <2020/03/25>
 ***********


LaTeX Font Warning: Some font shapes were not available, defaults substituted.

 ) ) 
Here is how much of TeX's memory you used:
 28826 strings out of 476376
 619247 string characters out of 5795789
 1857400 words of memory out of 5000000
 48499 multiletter control sequences out of 15000+600000
 523179 words of font info for 50 fonts, out of 8000000 for 9000
 1348 hyphenation exceptions out of 8191
 153i,5n,166p,1150b,704s stack positions out of 10000i,1000n,20000p,200000b,200000s

Output written on index_html.pdf (44 pages).
